DEB [20200413-22:44:09.683] thr=1   paramiko.transport: starting thread (client mode): 0x3cb5d4e0
DEB [20200413-22:44:09.683] thr=1   paramiko.transport: Local version/idstring: SSH-2.0-paramiko_2.7.1
DEB [20200413-22:44:09.695] thr=1   paramiko.transport: Remote version/idstring: SSH-2.0-OpenSSH_7.4
INF [20200413-22:44:09.695] thr=1   paramiko.transport: Connected (version 2.0, client OpenSSH_7.4)
DEB [20200413-22:44:09.698] thr=1   paramiko.transport: kex algos:['curve25519-sha256', 'curve25519-sha256@libssh.org', 'ecdh-sha2-nistp256', 'ecdh-sha2-nistp384', 'ecdh-sha2-nistp521', 'diffie-hellman-group-exchange-sha256', 'diffie-hellman-group16-sha512', 'diffie-hellman-group18-sha512', 'diffie-hellman-group-exchange-sha1', 'diffie-hellman-group14-sha256', 'diffie-hellman-group14-sha1', 'diffie-hellman-group1-sha1'] server key:['ssh-rsa', 'rsa-sha2-512', 'rsa-sha2-256', 'ecdsa-sha2-nistp256', 'ssh-ed25519'] client encrypt:['chacha20-poly1305@openssh.com', 'aes128-ctr', 'aes192-ctr', 'aes256-ctr', 'aes128-gcm@openssh.com', 'aes256-gcm@openssh.com', 'aes128-cbc', 'aes192-cbc', 'aes256-cbc', 'blowfish-cbc', 'cast128-cbc', '3des-cbc'] server encrypt:['chacha20-poly1305@openssh.com', 'aes128-ctr', 'aes192-ctr', 'aes256-ctr', 'aes128-gcm@openssh.com', 'aes256-gcm@openssh.com', 'aes128-cbc', 'aes192-cbc', 'aes256-cbc', 'blowfish-cbc', 'cast128-cbc', '3des-cbc'] client mac:['umac-64-etm@openssh.com', 'umac-128-etm@openssh.com', 'hmac-sha2-256-etm@openssh.com', 'hmac-sha2-512-etm@openssh.com', 'hmac-sha1-etm@openssh.com', 'umac-64@openssh.com', 'umac-128@openssh.com', 'hmac-sha2-256', 'hmac-sha2-512', 'hmac-sha1'] server mac:['umac-64-etm@openssh.com', 'umac-128-etm@openssh.com', 'hmac-sha2-256-etm@openssh.com', 'hmac-sha2-512-etm@openssh.com', 'hmac-sha1-etm@openssh.com', 'umac-64@openssh.com', 'umac-128@openssh.com', 'hmac-sha2-256', 'hmac-sha2-512', 'hmac-sha1'] client compress:['none', 'zlib@openssh.com'] server compress:['none', 'zlib@openssh.com'] client lang:[''] server lang:[''] kex follows?False
DEB [20200413-22:44:09.699] thr=1   paramiko.transport: Kex agreed: curve25519-sha256@libssh.org
DEB [20200413-22:44:09.699] thr=1   paramiko.transport: HostKey agreed: ssh-ed25519
DEB [20200413-22:44:09.699] thr=1   paramiko.transport: Cipher agreed: aes128-ctr
DEB [20200413-22:44:09.699] thr=1   paramiko.transport: MAC agreed: hmac-sha2-256
DEB [20200413-22:44:09.699] thr=1   paramiko.transport: Compression agreed: none
DEB [20200413-22:44:09.707] thr=1   paramiko.transport: kex engine KexCurve25519 specified hash_algo <built-in function openssl_sha256>
DEB [20200413-22:44:09.707] thr=1   paramiko.transport: Switch to new keys ...
DEB [20200413-22:44:09.708] thr=2   paramiko.transport: Adding ssh-ed25519 host key for 192.168.1.131: b'e2089d434883ab3239b6a6305d8e1ab1'
DEB [20200413-22:44:09.749] thr=1   paramiko.transport: userauth is OK
INF [20200413-22:44:09.806] thr=1   paramiko.transport: Authentication (password) successful!
DEB [20200413-22:44:09.807] thr=2   paramiko.transport: [chan 0] Max packet in: 32768 bytes
DEB [20200413-22:44:09.982] thr=1   paramiko.transport: Received global request "hostkeys-00@openssh.com"
DEB [20200413-22:44:09.982] thr=1   paramiko.transport: Rejecting "hostkeys-00@openssh.com" global request from server.
DEB [20200413-22:44:10.022] thr=1   paramiko.transport: [chan 0] Max packet out: 32768 bytes
DEB [20200413-22:44:10.022] thr=1   paramiko.transport: Secsh channel 0 opened.
DEB [20200413-22:44:10.027] thr=1   paramiko.transport: [chan 0] Sesch channel 0 request ok
DEB [20200413-22:44:10.029] thr=1   paramiko.transport: [chan 0] Sesch channel 0 request ok
DEB [20200413-22:44:10.658] thr=2   paramiko.transport: [chan 0] EOF sent (0)
DEB [20200413-22:46:48.448] thr=1   paramiko.transport: starting thread (client mode): 0x9a3af470
DEB [20200413-22:46:48.449] thr=1   paramiko.transport: Local version/idstring: SSH-2.0-paramiko_2.7.1
DEB [20200413-22:46:48.459] thr=1   paramiko.transport: Remote version/idstring: SSH-2.0-OpenSSH_7.4
INF [20200413-22:46:48.459] thr=1   paramiko.transport: Connected (version 2.0, client OpenSSH_7.4)
DEB [20200413-22:46:48.462] thr=1   paramiko.transport: kex algos:['curve25519-sha256', 'curve25519-sha256@libssh.org', 'ecdh-sha2-nistp256', 'ecdh-sha2-nistp384', 'ecdh-sha2-nistp521', 'diffie-hellman-group-exchange-sha256', 'diffie-hellman-group16-sha512', 'diffie-hellman-group18-sha512', 'diffie-hellman-group-exchange-sha1', 'diffie-hellman-group14-sha256', 'diffie-hellman-group14-sha1', 'diffie-hellman-group1-sha1'] server key:['ssh-rsa', 'rsa-sha2-512', 'rsa-sha2-256', 'ecdsa-sha2-nistp256', 'ssh-ed25519'] client encrypt:['chacha20-poly1305@openssh.com', 'aes128-ctr', 'aes192-ctr', 'aes256-ctr', 'aes128-gcm@openssh.com', 'aes256-gcm@openssh.com', 'aes128-cbc', 'aes192-cbc', 'aes256-cbc', 'blowfish-cbc', 'cast128-cbc', '3des-cbc'] server encrypt:['chacha20-poly1305@openssh.com', 'aes128-ctr', 'aes192-ctr', 'aes256-ctr', 'aes128-gcm@openssh.com', 'aes256-gcm@openssh.com', 'aes128-cbc', 'aes192-cbc', 'aes256-cbc', 'blowfish-cbc', 'cast128-cbc', '3des-cbc'] client mac:['umac-64-etm@openssh.com', 'umac-128-etm@openssh.com', 'hmac-sha2-256-etm@openssh.com', 'hmac-sha2-512-etm@openssh.com', 'hmac-sha1-etm@openssh.com', 'umac-64@openssh.com', 'umac-128@openssh.com', 'hmac-sha2-256', 'hmac-sha2-512', 'hmac-sha1'] server mac:['umac-64-etm@openssh.com', 'umac-128-etm@openssh.com', 'hmac-sha2-256-etm@openssh.com', 'hmac-sha2-512-etm@openssh.com', 'hmac-sha1-etm@openssh.com', 'umac-64@openssh.com', 'umac-128@openssh.com', 'hmac-sha2-256', 'hmac-sha2-512', 'hmac-sha1'] client compress:['none', 'zlib@openssh.com'] server compress:['none', 'zlib@openssh.com'] client lang:[''] server lang:[''] kex follows?False
DEB [20200413-22:46:48.462] thr=1   paramiko.transport: Kex agreed: curve25519-sha256@libssh.org
DEB [20200413-22:46:48.462] thr=1   paramiko.transport: HostKey agreed: ssh-ed25519
DEB [20200413-22:46:48.462] thr=1   paramiko.transport: Cipher agreed: aes128-ctr
DEB [20200413-22:46:48.462] thr=1   paramiko.transport: MAC agreed: hmac-sha2-256
DEB [20200413-22:46:48.462] thr=1   paramiko.transport: Compression agreed: none
DEB [20200413-22:46:48.470] thr=1   paramiko.transport: kex engine KexCurve25519 specified hash_algo <built-in function openssl_sha256>
DEB [20200413-22:46:48.471] thr=1   paramiko.transport: Switch to new keys ...
DEB [20200413-22:46:48.472] thr=2   paramiko.transport: Adding ssh-ed25519 host key for 192.168.1.131: b'e2089d434883ab3239b6a6305d8e1ab1'
DEB [20200413-22:46:48.511] thr=1   paramiko.transport: userauth is OK
INF [20200413-22:46:48.650] thr=1   paramiko.transport: Authentication (password) successful!
DEB [20200413-22:46:48.651] thr=2   paramiko.transport: [chan 0] Max packet in: 32768 bytes
DEB [20200413-22:46:48.839] thr=1   paramiko.transport: Received global request "hostkeys-00@openssh.com"
DEB [20200413-22:46:48.839] thr=1   paramiko.transport: Rejecting "hostkeys-00@openssh.com" global request from server.
DEB [20200413-22:46:48.880] thr=1   paramiko.transport: [chan 0] Max packet out: 32768 bytes
DEB [20200413-22:46:48.880] thr=1   paramiko.transport: Secsh channel 0 opened.
DEB [20200413-22:46:48.884] thr=1   paramiko.transport: [chan 0] Sesch channel 0 request ok
DEB [20200413-22:46:48.886] thr=1   paramiko.transport: [chan 0] Sesch channel 0 request ok
DEB [20200413-22:46:49.677] thr=2   paramiko.transport: [chan 0] EOF sent (0)
DEB [20200413-22:50:32.046] thr=1   paramiko.transport: starting thread (client mode): 0xfa435400
DEB [20200413-22:50:32.047] thr=1   paramiko.transport: Local version/idstring: SSH-2.0-paramiko_2.7.1
DEB [20200413-22:50:32.059] thr=1   paramiko.transport: Remote version/idstring: SSH-2.0-OpenSSH_7.4
INF [20200413-22:50:32.060] thr=1   paramiko.transport: Connected (version 2.0, client OpenSSH_7.4)
DEB [20200413-22:50:32.064] thr=1   paramiko.transport: kex algos:['curve25519-sha256', 'curve25519-sha256@libssh.org', 'ecdh-sha2-nistp256', 'ecdh-sha2-nistp384', 'ecdh-sha2-nistp521', 'diffie-hellman-group-exchange-sha256', 'diffie-hellman-group16-sha512', 'diffie-hellman-group18-sha512', 'diffie-hellman-group-exchange-sha1', 'diffie-hellman-group14-sha256', 'diffie-hellman-group14-sha1', 'diffie-hellman-group1-sha1'] server key:['ssh-rsa', 'rsa-sha2-512', 'rsa-sha2-256', 'ecdsa-sha2-nistp256', 'ssh-ed25519'] client encrypt:['chacha20-poly1305@openssh.com', 'aes128-ctr', 'aes192-ctr', 'aes256-ctr', 'aes128-gcm@openssh.com', 'aes256-gcm@openssh.com', 'aes128-cbc', 'aes192-cbc', 'aes256-cbc', 'blowfish-cbc', 'cast128-cbc', '3des-cbc'] server encrypt:['chacha20-poly1305@openssh.com', 'aes128-ctr', 'aes192-ctr', 'aes256-ctr', 'aes128-gcm@openssh.com', 'aes256-gcm@openssh.com', 'aes128-cbc', 'aes192-cbc', 'aes256-cbc', 'blowfish-cbc', 'cast128-cbc', '3des-cbc'] client mac:['umac-64-etm@openssh.com', 'umac-128-etm@openssh.com', 'hmac-sha2-256-etm@openssh.com', 'hmac-sha2-512-etm@openssh.com', 'hmac-sha1-etm@openssh.com', 'umac-64@openssh.com', 'umac-128@openssh.com', 'hmac-sha2-256', 'hmac-sha2-512', 'hmac-sha1'] server mac:['umac-64-etm@openssh.com', 'umac-128-etm@openssh.com', 'hmac-sha2-256-etm@openssh.com', 'hmac-sha2-512-etm@openssh.com', 'hmac-sha1-etm@openssh.com', 'umac-64@openssh.com', 'umac-128@openssh.com', 'hmac-sha2-256', 'hmac-sha2-512', 'hmac-sha1'] client compress:['none', 'zlib@openssh.com'] server compress:['none', 'zlib@openssh.com'] client lang:[''] server lang:[''] kex follows?False
DEB [20200413-22:50:32.064] thr=1   paramiko.transport: Kex agreed: curve25519-sha256@libssh.org
DEB [20200413-22:50:32.064] thr=1   paramiko.transport: HostKey agreed: ssh-ed25519
DEB [20200413-22:50:32.064] thr=1   paramiko.transport: Cipher agreed: aes128-ctr
DEB [20200413-22:50:32.064] thr=1   paramiko.transport: MAC agreed: hmac-sha2-256
DEB [20200413-22:50:32.065] thr=1   paramiko.transport: Compression agreed: none
DEB [20200413-22:50:32.071] thr=1   paramiko.transport: kex engine KexCurve25519 specified hash_algo <built-in function openssl_sha256>
DEB [20200413-22:50:32.072] thr=1   paramiko.transport: Switch to new keys ...
DEB [20200413-22:50:32.072] thr=2   paramiko.transport: Adding ssh-ed25519 host key for 192.168.1.131: b'e2089d434883ab3239b6a6305d8e1ab1'
DEB [20200413-22:50:32.112] thr=1   paramiko.transport: userauth is OK
INF [20200413-22:50:32.401] thr=1   paramiko.transport: Authentication (password) successful!
DEB [20200413-22:50:32.401] thr=2   paramiko.transport: [chan 0] Max packet in: 32768 bytes
DEB [20200413-22:50:32.592] thr=1   paramiko.transport: Received global request "hostkeys-00@openssh.com"
DEB [20200413-22:50:32.592] thr=1   paramiko.transport: Rejecting "hostkeys-00@openssh.com" global request from server.
DEB [20200413-22:50:32.633] thr=1   paramiko.transport: [chan 0] Max packet out: 32768 bytes
DEB [20200413-22:50:32.633] thr=1   paramiko.transport: Secsh channel 0 opened.
DEB [20200413-22:50:32.638] thr=1   paramiko.transport: [chan 0] Sesch channel 0 request ok
DEB [20200413-22:50:32.640] thr=1   paramiko.transport: [chan 0] Sesch channel 0 request ok
DEB [20200413-22:50:34.665] thr=2   paramiko.transport: [chan 0] EOF sent (0)
DEB [20200413-22:56:58.298] thr=1   paramiko.transport: starting thread (client mode): 0xf99f0470
DEB [20200413-22:56:58.298] thr=1   paramiko.transport: Local version/idstring: SSH-2.0-paramiko_2.7.1
DEB [20200413-22:56:58.308] thr=1   paramiko.transport: Remote version/idstring: SSH-2.0-OpenSSH_7.4
INF [20200413-22:56:58.308] thr=1   paramiko.transport: Connected (version 2.0, client OpenSSH_7.4)
DEB [20200413-22:56:58.313] thr=1   paramiko.transport: kex algos:['curve25519-sha256', 'curve25519-sha256@libssh.org', 'ecdh-sha2-nistp256', 'ecdh-sha2-nistp384', 'ecdh-sha2-nistp521', 'diffie-hellman-group-exchange-sha256', 'diffie-hellman-group16-sha512', 'diffie-hellman-group18-sha512', 'diffie-hellman-group-exchange-sha1', 'diffie-hellman-group14-sha256', 'diffie-hellman-group14-sha1', 'diffie-hellman-group1-sha1'] server key:['ssh-rsa', 'rsa-sha2-512', 'rsa-sha2-256', 'ecdsa-sha2-nistp256', 'ssh-ed25519'] client encrypt:['chacha20-poly1305@openssh.com', 'aes128-ctr', 'aes192-ctr', 'aes256-ctr', 'aes128-gcm@openssh.com', 'aes256-gcm@openssh.com', 'aes128-cbc', 'aes192-cbc', 'aes256-cbc', 'blowfish-cbc', 'cast128-cbc', '3des-cbc'] server encrypt:['chacha20-poly1305@openssh.com', 'aes128-ctr', 'aes192-ctr', 'aes256-ctr', 'aes128-gcm@openssh.com', 'aes256-gcm@openssh.com', 'aes128-cbc', 'aes192-cbc', 'aes256-cbc', 'blowfish-cbc', 'cast128-cbc', '3des-cbc'] client mac:['umac-64-etm@openssh.com', 'umac-128-etm@openssh.com', 'hmac-sha2-256-etm@openssh.com', 'hmac-sha2-512-etm@openssh.com', 'hmac-sha1-etm@openssh.com', 'umac-64@openssh.com', 'umac-128@openssh.com', 'hmac-sha2-256', 'hmac-sha2-512', 'hmac-sha1'] server mac:['umac-64-etm@openssh.com', 'umac-128-etm@openssh.com', 'hmac-sha2-256-etm@openssh.com', 'hmac-sha2-512-etm@openssh.com', 'hmac-sha1-etm@openssh.com', 'umac-64@openssh.com', 'umac-128@openssh.com', 'hmac-sha2-256', 'hmac-sha2-512', 'hmac-sha1'] client compress:['none', 'zlib@openssh.com'] server compress:['none', 'zlib@openssh.com'] client lang:[''] server lang:[''] kex follows?False
DEB [20200413-22:56:58.313] thr=1   paramiko.transport: Kex agreed: curve25519-sha256@libssh.org
DEB [20200413-22:56:58.313] thr=1   paramiko.transport: HostKey agreed: ssh-ed25519
DEB [20200413-22:56:58.313] thr=1   paramiko.transport: Cipher agreed: aes128-ctr
DEB [20200413-22:56:58.313] thr=1   paramiko.transport: MAC agreed: hmac-sha2-256
DEB [20200413-22:56:58.313] thr=1   paramiko.transport: Compression agreed: none
DEB [20200413-22:56:58.320] thr=1   paramiko.transport: kex engine KexCurve25519 specified hash_algo <built-in function openssl_sha256>
DEB [20200413-22:56:58.320] thr=1   paramiko.transport: Switch to new keys ...
DEB [20200413-22:56:58.320] thr=2   paramiko.transport: Adding ssh-ed25519 host key for 192.168.1.131: b'e2089d434883ab3239b6a6305d8e1ab1'
DEB [20200413-22:56:58.361] thr=1   paramiko.transport: userauth is OK
INF [20200413-22:56:58.557] thr=1   paramiko.transport: Authentication (password) successful!
DEB [20200413-22:56:58.557] thr=2   paramiko.transport: [chan 0] Max packet in: 32768 bytes
DEB [20200413-22:56:58.742] thr=1   paramiko.transport: Received global request "hostkeys-00@openssh.com"
DEB [20200413-22:56:58.742] thr=1   paramiko.transport: Rejecting "hostkeys-00@openssh.com" global request from server.
DEB [20200413-22:56:58.783] thr=1   paramiko.transport: [chan 0] Max packet out: 32768 bytes
DEB [20200413-22:56:58.783] thr=1   paramiko.transport: Secsh channel 0 opened.
DEB [20200413-22:56:58.787] thr=1   paramiko.transport: [chan 0] Sesch channel 0 request ok
DEB [20200413-22:56:58.790] thr=1   paramiko.transport: [chan 0] Sesch channel 0 request ok
DEB [20200413-22:56:59.887] thr=2   paramiko.transport: [chan 0] EOF sent (0)
DEB [20200413-23:01:54.457] thr=1   paramiko.transport: starting thread (client mode): 0x88be34e0
DEB [20200413-23:01:54.458] thr=1   paramiko.transport: Local version/idstring: SSH-2.0-paramiko_2.7.1
DEB [20200413-23:01:54.469] thr=1   paramiko.transport: Remote version/idstring: SSH-2.0-OpenSSH_7.4
INF [20200413-23:01:54.469] thr=1   paramiko.transport: Connected (version 2.0, client OpenSSH_7.4)
DEB [20200413-23:01:54.473] thr=1   paramiko.transport: kex algos:['curve25519-sha256', 'curve25519-sha256@libssh.org', 'ecdh-sha2-nistp256', 'ecdh-sha2-nistp384', 'ecdh-sha2-nistp521', 'diffie-hellman-group-exchange-sha256', 'diffie-hellman-group16-sha512', 'diffie-hellman-group18-sha512', 'diffie-hellman-group-exchange-sha1', 'diffie-hellman-group14-sha256', 'diffie-hellman-group14-sha1', 'diffie-hellman-group1-sha1'] server key:['ssh-rsa', 'rsa-sha2-512', 'rsa-sha2-256', 'ecdsa-sha2-nistp256', 'ssh-ed25519'] client encrypt:['chacha20-poly1305@openssh.com', 'aes128-ctr', 'aes192-ctr', 'aes256-ctr', 'aes128-gcm@openssh.com', 'aes256-gcm@openssh.com', 'aes128-cbc', 'aes192-cbc', 'aes256-cbc', 'blowfish-cbc', 'cast128-cbc', '3des-cbc'] server encrypt:['chacha20-poly1305@openssh.com', 'aes128-ctr', 'aes192-ctr', 'aes256-ctr', 'aes128-gcm@openssh.com', 'aes256-gcm@openssh.com', 'aes128-cbc', 'aes192-cbc', 'aes256-cbc', 'blowfish-cbc', 'cast128-cbc', '3des-cbc'] client mac:['umac-64-etm@openssh.com', 'umac-128-etm@openssh.com', 'hmac-sha2-256-etm@openssh.com', 'hmac-sha2-512-etm@openssh.com', 'hmac-sha1-etm@openssh.com', 'umac-64@openssh.com', 'umac-128@openssh.com', 'hmac-sha2-256', 'hmac-sha2-512', 'hmac-sha1'] server mac:['umac-64-etm@openssh.com', 'umac-128-etm@openssh.com', 'hmac-sha2-256-etm@openssh.com', 'hmac-sha2-512-etm@openssh.com', 'hmac-sha1-etm@openssh.com', 'umac-64@openssh.com', 'umac-128@openssh.com', 'hmac-sha2-256', 'hmac-sha2-512', 'hmac-sha1'] client compress:['none', 'zlib@openssh.com'] server compress:['none', 'zlib@openssh.com'] client lang:[''] server lang:[''] kex follows?False
DEB [20200413-23:01:54.473] thr=1   paramiko.transport: Kex agreed: curve25519-sha256@libssh.org
DEB [20200413-23:01:54.473] thr=1   paramiko.transport: HostKey agreed: ssh-ed25519
DEB [20200413-23:01:54.473] thr=1   paramiko.transport: Cipher agreed: aes128-ctr
DEB [20200413-23:01:54.473] thr=1   paramiko.transport: MAC agreed: hmac-sha2-256
DEB [20200413-23:01:54.474] thr=1   paramiko.transport: Compression agreed: none
DEB [20200413-23:01:54.481] thr=1   paramiko.transport: kex engine KexCurve25519 specified hash_algo <built-in function openssl_sha256>
DEB [20200413-23:01:54.481] thr=1   paramiko.transport: Switch to new keys ...
DEB [20200413-23:01:54.481] thr=2   paramiko.transport: Adding ssh-ed25519 host key for 192.168.1.131: b'e2089d434883ab3239b6a6305d8e1ab1'
DEB [20200413-23:01:54.522] thr=1   paramiko.transport: userauth is OK
INF [20200413-23:01:55.930] thr=1   paramiko.transport: Authentication (password) successful!
DEB [20200413-23:01:55.931] thr=2   paramiko.transport: [chan 0] Max packet in: 32768 bytes
DEB [20200413-23:01:56.114] thr=1   paramiko.transport: Received global request "hostkeys-00@openssh.com"
DEB [20200413-23:01:56.115] thr=1   paramiko.transport: Rejecting "hostkeys-00@openssh.com" global request from server.
DEB [20200413-23:01:56.155] thr=1   paramiko.transport: [chan 0] Max packet out: 32768 bytes
DEB [20200413-23:01:56.155] thr=1   paramiko.transport: Secsh channel 0 opened.
DEB [20200413-23:01:56.161] thr=1   paramiko.transport: [chan 0] Sesch channel 0 request ok
DEB [20200413-23:01:56.163] thr=1   paramiko.transport: [chan 0] Sesch channel 0 request ok
DEB [20200413-23:01:57.255] thr=2   paramiko.transport: [chan 0] EOF sent (0)
DEB [20200413-23:02:35.016] thr=1   paramiko.transport: starting thread (client mode): 0x1d563470
DEB [20200413-23:02:35.016] thr=1   paramiko.transport: Local version/idstring: SSH-2.0-paramiko_2.7.1
DEB [20200413-23:02:35.028] thr=1   paramiko.transport: Remote version/idstring: SSH-2.0-OpenSSH_7.4
INF [20200413-23:02:35.029] thr=1   paramiko.transport: Connected (version 2.0, client OpenSSH_7.4)
DEB [20200413-23:02:35.033] thr=1   paramiko.transport: kex algos:['curve25519-sha256', 'curve25519-sha256@libssh.org', 'ecdh-sha2-nistp256', 'ecdh-sha2-nistp384', 'ecdh-sha2-nistp521', 'diffie-hellman-group-exchange-sha256', 'diffie-hellman-group16-sha512', 'diffie-hellman-group18-sha512', 'diffie-hellman-group-exchange-sha1', 'diffie-hellman-group14-sha256', 'diffie-hellman-group14-sha1', 'diffie-hellman-group1-sha1'] server key:['ssh-rsa', 'rsa-sha2-512', 'rsa-sha2-256', 'ecdsa-sha2-nistp256', 'ssh-ed25519'] client encrypt:['chacha20-poly1305@openssh.com', 'aes128-ctr', 'aes192-ctr', 'aes256-ctr', 'aes128-gcm@openssh.com', 'aes256-gcm@openssh.com', 'aes128-cbc', 'aes192-cbc', 'aes256-cbc', 'blowfish-cbc', 'cast128-cbc', '3des-cbc'] server encrypt:['chacha20-poly1305@openssh.com', 'aes128-ctr', 'aes192-ctr', 'aes256-ctr', 'aes128-gcm@openssh.com', 'aes256-gcm@openssh.com', 'aes128-cbc', 'aes192-cbc', 'aes256-cbc', 'blowfish-cbc', 'cast128-cbc', '3des-cbc'] client mac:['umac-64-etm@openssh.com', 'umac-128-etm@openssh.com', 'hmac-sha2-256-etm@openssh.com', 'hmac-sha2-512-etm@openssh.com', 'hmac-sha1-etm@openssh.com', 'umac-64@openssh.com', 'umac-128@openssh.com', 'hmac-sha2-256', 'hmac-sha2-512', 'hmac-sha1'] server mac:['umac-64-etm@openssh.com', 'umac-128-etm@openssh.com', 'hmac-sha2-256-etm@openssh.com', 'hmac-sha2-512-etm@openssh.com', 'hmac-sha1-etm@openssh.com', 'umac-64@openssh.com', 'umac-128@openssh.com', 'hmac-sha2-256', 'hmac-sha2-512', 'hmac-sha1'] client compress:['none', 'zlib@openssh.com'] server compress:['none', 'zlib@openssh.com'] client lang:[''] server lang:[''] kex follows?False
DEB [20200413-23:02:35.033] thr=1   paramiko.transport: Kex agreed: curve25519-sha256@libssh.org
DEB [20200413-23:02:35.033] thr=1   paramiko.transport: HostKey agreed: ssh-ed25519
DEB [20200413-23:02:35.033] thr=1   paramiko.transport: Cipher agreed: aes128-ctr
DEB [20200413-23:02:35.033] thr=1   paramiko.transport: MAC agreed: hmac-sha2-256
DEB [20200413-23:02:35.033] thr=1   paramiko.transport: Compression agreed: none
DEB [20200413-23:02:35.040] thr=1   paramiko.transport: kex engine KexCurve25519 specified hash_algo <built-in function openssl_sha256>
DEB [20200413-23:02:35.041] thr=1   paramiko.transport: Switch to new keys ...
DEB [20200413-23:02:35.041] thr=2   paramiko.transport: Adding ssh-ed25519 host key for 192.168.1.131: b'e2089d434883ab3239b6a6305d8e1ab1'
DEB [20200413-23:02:35.081] thr=1   paramiko.transport: userauth is OK
INF [20200413-23:02:35.129] thr=1   paramiko.transport: Authentication (password) successful!
DEB [20200413-23:02:35.129] thr=2   paramiko.transport: [chan 0] Max packet in: 32768 bytes
DEB [20200413-23:02:35.308] thr=1   paramiko.transport: Received global request "hostkeys-00@openssh.com"
DEB [20200413-23:02:35.308] thr=1   paramiko.transport: Rejecting "hostkeys-00@openssh.com" global request from server.
DEB [20200413-23:02:35.350] thr=1   paramiko.transport: [chan 0] Max packet out: 32768 bytes
DEB [20200413-23:02:35.350] thr=1   paramiko.transport: Secsh channel 0 opened.
DEB [20200413-23:02:35.355] thr=1   paramiko.transport: [chan 0] Sesch channel 0 request ok
DEB [20200413-23:02:35.357] thr=1   paramiko.transport: [chan 0] Sesch channel 0 request ok
DEB [20200413-23:02:35.958] thr=2   paramiko.transport: [chan 0] EOF sent (0)
DEB [20200413-23:04:01.320] thr=1   paramiko.transport: starting thread (client mode): 0xfffd24a8
DEB [20200413-23:04:01.320] thr=1   paramiko.transport: Local version/idstring: SSH-2.0-paramiko_2.7.1
DEB [20200413-23:04:01.331] thr=1   paramiko.transport: Remote version/idstring: SSH-2.0-OpenSSH_7.4
INF [20200413-23:04:01.331] thr=1   paramiko.transport: Connected (version 2.0, client OpenSSH_7.4)
DEB [20200413-23:04:01.335] thr=1   paramiko.transport: kex algos:['curve25519-sha256', 'curve25519-sha256@libssh.org', 'ecdh-sha2-nistp256', 'ecdh-sha2-nistp384', 'ecdh-sha2-nistp521', 'diffie-hellman-group-exchange-sha256', 'diffie-hellman-group16-sha512', 'diffie-hellman-group18-sha512', 'diffie-hellman-group-exchange-sha1', 'diffie-hellman-group14-sha256', 'diffie-hellman-group14-sha1', 'diffie-hellman-group1-sha1'] server key:['ssh-rsa', 'rsa-sha2-512', 'rsa-sha2-256', 'ecdsa-sha2-nistp256', 'ssh-ed25519'] client encrypt:['chacha20-poly1305@openssh.com', 'aes128-ctr', 'aes192-ctr', 'aes256-ctr', 'aes128-gcm@openssh.com', 'aes256-gcm@openssh.com', 'aes128-cbc', 'aes192-cbc', 'aes256-cbc', 'blowfish-cbc', 'cast128-cbc', '3des-cbc'] server encrypt:['chacha20-poly1305@openssh.com', 'aes128-ctr', 'aes192-ctr', 'aes256-ctr', 'aes128-gcm@openssh.com', 'aes256-gcm@openssh.com', 'aes128-cbc', 'aes192-cbc', 'aes256-cbc', 'blowfish-cbc', 'cast128-cbc', '3des-cbc'] client mac:['umac-64-etm@openssh.com', 'umac-128-etm@openssh.com', 'hmac-sha2-256-etm@openssh.com', 'hmac-sha2-512-etm@openssh.com', 'hmac-sha1-etm@openssh.com', 'umac-64@openssh.com', 'umac-128@openssh.com', 'hmac-sha2-256', 'hmac-sha2-512', 'hmac-sha1'] server mac:['umac-64-etm@openssh.com', 'umac-128-etm@openssh.com', 'hmac-sha2-256-etm@openssh.com', 'hmac-sha2-512-etm@openssh.com', 'hmac-sha1-etm@openssh.com', 'umac-64@openssh.com', 'umac-128@openssh.com', 'hmac-sha2-256', 'hmac-sha2-512', 'hmac-sha1'] client compress:['none', 'zlib@openssh.com'] server compress:['none', 'zlib@openssh.com'] client lang:[''] server lang:[''] kex follows?False
DEB [20200413-23:04:01.336] thr=1   paramiko.transport: Kex agreed: curve25519-sha256@libssh.org
DEB [20200413-23:04:01.336] thr=1   paramiko.transport: HostKey agreed: ssh-ed25519
DEB [20200413-23:04:01.336] thr=1   paramiko.transport: Cipher agreed: aes128-ctr
DEB [20200413-23:04:01.336] thr=1   paramiko.transport: MAC agreed: hmac-sha2-256
DEB [20200413-23:04:01.336] thr=1   paramiko.transport: Compression agreed: none
DEB [20200413-23:04:01.343] thr=1   paramiko.transport: kex engine KexCurve25519 specified hash_algo <built-in function openssl_sha256>
DEB [20200413-23:04:01.344] thr=1   paramiko.transport: Switch to new keys ...
DEB [20200413-23:04:01.344] thr=2   paramiko.transport: Adding ssh-ed25519 host key for 192.168.1.131: b'e2089d434883ab3239b6a6305d8e1ab1'
DEB [20200413-23:04:01.384] thr=1   paramiko.transport: userauth is OK
INF [20200413-23:04:01.580] thr=1   paramiko.transport: Authentication (password) successful!
DEB [20200413-23:04:01.580] thr=2   paramiko.transport: [chan 0] Max packet in: 32768 bytes
DEB [20200413-23:04:01.753] thr=1   paramiko.transport: Received global request "hostkeys-00@openssh.com"
DEB [20200413-23:04:01.753] thr=1   paramiko.transport: Rejecting "hostkeys-00@openssh.com" global request from server.
DEB [20200413-23:04:01.793] thr=1   paramiko.transport: [chan 0] Max packet out: 32768 bytes
DEB [20200413-23:04:01.793] thr=1   paramiko.transport: Secsh channel 0 opened.
DEB [20200413-23:04:01.797] thr=1   paramiko.transport: [chan 0] Sesch channel 0 request ok
DEB [20200413-23:04:01.799] thr=1   paramiko.transport: [chan 0] Sesch channel 0 request ok
DEB [20200413-23:04:02.558] thr=2   paramiko.transport: [chan 0] EOF sent (0)
DEB [20200413-23:04:49.441] thr=1   paramiko.transport: starting thread (client mode): 0x99bc54a8
DEB [20200413-23:04:49.442] thr=1   paramiko.transport: Local version/idstring: SSH-2.0-paramiko_2.7.1
DEB [20200413-23:04:49.452] thr=1   paramiko.transport: Remote version/idstring: SSH-2.0-OpenSSH_7.4
INF [20200413-23:04:49.452] thr=1   paramiko.transport: Connected (version 2.0, client OpenSSH_7.4)
DEB [20200413-23:04:49.455] thr=1   paramiko.transport: kex algos:['curve25519-sha256', 'curve25519-sha256@libssh.org', 'ecdh-sha2-nistp256', 'ecdh-sha2-nistp384', 'ecdh-sha2-nistp521', 'diffie-hellman-group-exchange-sha256', 'diffie-hellman-group16-sha512', 'diffie-hellman-group18-sha512', 'diffie-hellman-group-exchange-sha1', 'diffie-hellman-group14-sha256', 'diffie-hellman-group14-sha1', 'diffie-hellman-group1-sha1'] server key:['ssh-rsa', 'rsa-sha2-512', 'rsa-sha2-256', 'ecdsa-sha2-nistp256', 'ssh-ed25519'] client encrypt:['chacha20-poly1305@openssh.com', 'aes128-ctr', 'aes192-ctr', 'aes256-ctr', 'aes128-gcm@openssh.com', 'aes256-gcm@openssh.com', 'aes128-cbc', 'aes192-cbc', 'aes256-cbc', 'blowfish-cbc', 'cast128-cbc', '3des-cbc'] server encrypt:['chacha20-poly1305@openssh.com', 'aes128-ctr', 'aes192-ctr', 'aes256-ctr', 'aes128-gcm@openssh.com', 'aes256-gcm@openssh.com', 'aes128-cbc', 'aes192-cbc', 'aes256-cbc', 'blowfish-cbc', 'cast128-cbc', '3des-cbc'] client mac:['umac-64-etm@openssh.com', 'umac-128-etm@openssh.com', 'hmac-sha2-256-etm@openssh.com', 'hmac-sha2-512-etm@openssh.com', 'hmac-sha1-etm@openssh.com', 'umac-64@openssh.com', 'umac-128@openssh.com', 'hmac-sha2-256', 'hmac-sha2-512', 'hmac-sha1'] server mac:['umac-64-etm@openssh.com', 'umac-128-etm@openssh.com', 'hmac-sha2-256-etm@openssh.com', 'hmac-sha2-512-etm@openssh.com', 'hmac-sha1-etm@openssh.com', 'umac-64@openssh.com', 'umac-128@openssh.com', 'hmac-sha2-256', 'hmac-sha2-512', 'hmac-sha1'] client compress:['none', 'zlib@openssh.com'] server compress:['none', 'zlib@openssh.com'] client lang:[''] server lang:[''] kex follows?False
DEB [20200413-23:04:49.455] thr=1   paramiko.transport: Kex agreed: curve25519-sha256@libssh.org
DEB [20200413-23:04:49.455] thr=1   paramiko.transport: HostKey agreed: ssh-ed25519
DEB [20200413-23:04:49.455] thr=1   paramiko.transport: Cipher agreed: aes128-ctr
DEB [20200413-23:04:49.455] thr=1   paramiko.transport: MAC agreed: hmac-sha2-256
DEB [20200413-23:04:49.455] thr=1   paramiko.transport: Compression agreed: none
DEB [20200413-23:04:49.463] thr=1   paramiko.transport: kex engine KexCurve25519 specified hash_algo <built-in function openssl_sha256>
DEB [20200413-23:04:49.463] thr=1   paramiko.transport: Switch to new keys ...
DEB [20200413-23:04:49.463] thr=2   paramiko.transport: Adding ssh-ed25519 host key for 192.168.1.131: b'e2089d434883ab3239b6a6305d8e1ab1'
DEB [20200413-23:04:49.504] thr=1   paramiko.transport: userauth is OK
INF [20200413-23:04:49.553] thr=1   paramiko.transport: Authentication (password) successful!
DEB [20200413-23:04:49.553] thr=2   paramiko.transport: [chan 0] Max packet in: 32768 bytes
DEB [20200413-23:04:49.725] thr=1   paramiko.transport: Received global request "hostkeys-00@openssh.com"
DEB [20200413-23:04:49.726] thr=1   paramiko.transport: Rejecting "hostkeys-00@openssh.com" global request from server.
DEB [20200413-23:04:49.766] thr=1   paramiko.transport: [chan 0] Max packet out: 32768 bytes
DEB [20200413-23:04:49.766] thr=1   paramiko.transport: Secsh channel 0 opened.
DEB [20200413-23:04:49.772] thr=1   paramiko.transport: [chan 0] Sesch channel 0 request ok
DEB [20200413-23:04:49.774] thr=1   paramiko.transport: [chan 0] Sesch channel 0 request ok
DEB [20200413-23:04:50.382] thr=2   paramiko.transport: [chan 0] EOF sent (0)
DEB [20200413-23:05:27.914] thr=1   paramiko.transport: starting thread (client mode): 0x3bb2278
DEB [20200413-23:05:27.915] thr=1   paramiko.transport: Local version/idstring: SSH-2.0-paramiko_2.7.1
DEB [20200413-23:05:27.926] thr=1   paramiko.transport: Remote version/idstring: SSH-2.0-OpenSSH_7.4
INF [20200413-23:05:27.926] thr=1   paramiko.transport: Connected (version 2.0, client OpenSSH_7.4)
DEB [20200413-23:05:27.929] thr=1   paramiko.transport: kex algos:['curve25519-sha256', 'curve25519-sha256@libssh.org', 'ecdh-sha2-nistp256', 'ecdh-sha2-nistp384', 'ecdh-sha2-nistp521', 'diffie-hellman-group-exchange-sha256', 'diffie-hellman-group16-sha512', 'diffie-hellman-group18-sha512', 'diffie-hellman-group-exchange-sha1', 'diffie-hellman-group14-sha256', 'diffie-hellman-group14-sha1', 'diffie-hellman-group1-sha1'] server key:['ssh-rsa', 'rsa-sha2-512', 'rsa-sha2-256', 'ecdsa-sha2-nistp256', 'ssh-ed25519'] client encrypt:['chacha20-poly1305@openssh.com', 'aes128-ctr', 'aes192-ctr', 'aes256-ctr', 'aes128-gcm@openssh.com', 'aes256-gcm@openssh.com', 'aes128-cbc', 'aes192-cbc', 'aes256-cbc', 'blowfish-cbc', 'cast128-cbc', '3des-cbc'] server encrypt:['chacha20-poly1305@openssh.com', 'aes128-ctr', 'aes192-ctr', 'aes256-ctr', 'aes128-gcm@openssh.com', 'aes256-gcm@openssh.com', 'aes128-cbc', 'aes192-cbc', 'aes256-cbc', 'blowfish-cbc', 'cast128-cbc', '3des-cbc'] client mac:['umac-64-etm@openssh.com', 'umac-128-etm@openssh.com', 'hmac-sha2-256-etm@openssh.com', 'hmac-sha2-512-etm@openssh.com', 'hmac-sha1-etm@openssh.com', 'umac-64@openssh.com', 'umac-128@openssh.com', 'hmac-sha2-256', 'hmac-sha2-512', 'hmac-sha1'] server mac:['umac-64-etm@openssh.com', 'umac-128-etm@openssh.com', 'hmac-sha2-256-etm@openssh.com', 'hmac-sha2-512-etm@openssh.com', 'hmac-sha1-etm@openssh.com', 'umac-64@openssh.com', 'umac-128@openssh.com', 'hmac-sha2-256', 'hmac-sha2-512', 'hmac-sha1'] client compress:['none', 'zlib@openssh.com'] server compress:['none', 'zlib@openssh.com'] client lang:[''] server lang:[''] kex follows?False
DEB [20200413-23:05:27.929] thr=1   paramiko.transport: Kex agreed: curve25519-sha256@libssh.org
DEB [20200413-23:05:27.929] thr=1   paramiko.transport: HostKey agreed: ssh-ed25519
DEB [20200413-23:05:27.929] thr=1   paramiko.transport: Cipher agreed: aes128-ctr
DEB [20200413-23:05:27.929] thr=1   paramiko.transport: MAC agreed: hmac-sha2-256
DEB [20200413-23:05:27.929] thr=1   paramiko.transport: Compression agreed: none
DEB [20200413-23:05:27.936] thr=1   paramiko.transport: kex engine KexCurve25519 specified hash_algo <built-in function openssl_sha256>
DEB [20200413-23:05:27.937] thr=1   paramiko.transport: Switch to new keys ...
DEB [20200413-23:05:27.937] thr=2   paramiko.transport: Adding ssh-ed25519 host key for 192.168.1.131: b'e2089d434883ab3239b6a6305d8e1ab1'
DEB [20200413-23:05:27.976] thr=1   paramiko.transport: userauth is OK
INF [20200413-23:05:28.024] thr=1   paramiko.transport: Authentication (password) successful!
DEB [20200413-23:05:28.025] thr=2   paramiko.transport: [chan 0] Max packet in: 32768 bytes
DEB [20200413-23:05:28.195] thr=1   paramiko.transport: Received global request "hostkeys-00@openssh.com"
DEB [20200413-23:05:28.195] thr=1   paramiko.transport: Rejecting "hostkeys-00@openssh.com" global request from server.
DEB [20200413-23:05:28.235] thr=1   paramiko.transport: [chan 0] Max packet out: 32768 bytes
DEB [20200413-23:05:28.235] thr=1   paramiko.transport: Secsh channel 0 opened.
DEB [20200413-23:05:28.240] thr=1   paramiko.transport: [chan 0] Sesch channel 0 request ok
DEB [20200413-23:05:28.242] thr=1   paramiko.transport: [chan 0] Sesch channel 0 request ok
DEB [20200413-23:05:28.843] thr=2   paramiko.transport: [chan 0] EOF sent (0)
DEB [20200413-23:07:00.736] thr=1   paramiko.transport: starting thread (client mode): 0x3ce68240
DEB [20200413-23:07:00.737] thr=1   paramiko.transport: Local version/idstring: SSH-2.0-paramiko_2.7.1
DEB [20200413-23:07:00.745] thr=1   paramiko.transport: Remote version/idstring: SSH-2.0-OpenSSH_7.4
INF [20200413-23:07:00.745] thr=1   paramiko.transport: Connected (version 2.0, client OpenSSH_7.4)
DEB [20200413-23:07:00.748] thr=1   paramiko.transport: kex algos:['curve25519-sha256', 'curve25519-sha256@libssh.org', 'ecdh-sha2-nistp256', 'ecdh-sha2-nistp384', 'ecdh-sha2-nistp521', 'diffie-hellman-group-exchange-sha256', 'diffie-hellman-group16-sha512', 'diffie-hellman-group18-sha512', 'diffie-hellman-group-exchange-sha1', 'diffie-hellman-group14-sha256', 'diffie-hellman-group14-sha1', 'diffie-hellman-group1-sha1'] server key:['ssh-rsa', 'rsa-sha2-512', 'rsa-sha2-256', 'ecdsa-sha2-nistp256', 'ssh-ed25519'] client encrypt:['chacha20-poly1305@openssh.com', 'aes128-ctr', 'aes192-ctr', 'aes256-ctr', 'aes128-gcm@openssh.com', 'aes256-gcm@openssh.com', 'aes128-cbc', 'aes192-cbc', 'aes256-cbc', 'blowfish-cbc', 'cast128-cbc', '3des-cbc'] server encrypt:['chacha20-poly1305@openssh.com', 'aes128-ctr', 'aes192-ctr', 'aes256-ctr', 'aes128-gcm@openssh.com', 'aes256-gcm@openssh.com', 'aes128-cbc', 'aes192-cbc', 'aes256-cbc', 'blowfish-cbc', 'cast128-cbc', '3des-cbc'] client mac:['umac-64-etm@openssh.com', 'umac-128-etm@openssh.com', 'hmac-sha2-256-etm@openssh.com', 'hmac-sha2-512-etm@openssh.com', 'hmac-sha1-etm@openssh.com', 'umac-64@openssh.com', 'umac-128@openssh.com', 'hmac-sha2-256', 'hmac-sha2-512', 'hmac-sha1'] server mac:['umac-64-etm@openssh.com', 'umac-128-etm@openssh.com', 'hmac-sha2-256-etm@openssh.com', 'hmac-sha2-512-etm@openssh.com', 'hmac-sha1-etm@openssh.com', 'umac-64@openssh.com', 'umac-128@openssh.com', 'hmac-sha2-256', 'hmac-sha2-512', 'hmac-sha1'] client compress:['none', 'zlib@openssh.com'] server compress:['none', 'zlib@openssh.com'] client lang:[''] server lang:[''] kex follows?False
DEB [20200413-23:07:00.749] thr=1   paramiko.transport: Kex agreed: curve25519-sha256@libssh.org
DEB [20200413-23:07:00.749] thr=1   paramiko.transport: HostKey agreed: ssh-ed25519
DEB [20200413-23:07:00.749] thr=1   paramiko.transport: Cipher agreed: aes128-ctr
DEB [20200413-23:07:00.749] thr=1   paramiko.transport: MAC agreed: hmac-sha2-256
DEB [20200413-23:07:00.749] thr=1   paramiko.transport: Compression agreed: none
DEB [20200413-23:07:00.756] thr=1   paramiko.transport: kex engine KexCurve25519 specified hash_algo <built-in function openssl_sha256>
DEB [20200413-23:07:00.756] thr=1   paramiko.transport: Switch to new keys ...
DEB [20200413-23:07:00.757] thr=2   paramiko.transport: Adding ssh-ed25519 host key for 192.168.1.131: b'e2089d434883ab3239b6a6305d8e1ab1'
DEB [20200413-23:07:00.797] thr=1   paramiko.transport: userauth is OK
INF [20200413-23:07:00.981] thr=1   paramiko.transport: Authentication (password) successful!
DEB [20200413-23:07:00.981] thr=2   paramiko.transport: [chan 0] Max packet in: 32768 bytes
DEB [20200413-23:07:01.162] thr=1   paramiko.transport: Received global request "hostkeys-00@openssh.com"
DEB [20200413-23:07:01.162] thr=1   paramiko.transport: Rejecting "hostkeys-00@openssh.com" global request from server.
DEB [20200413-23:07:01.203] thr=1   paramiko.transport: [chan 0] Max packet out: 32768 bytes
DEB [20200413-23:07:01.203] thr=1   paramiko.transport: Secsh channel 0 opened.
DEB [20200413-23:07:01.207] thr=1   paramiko.transport: [chan 0] Sesch channel 0 request ok
DEB [20200413-23:07:01.209] thr=1   paramiko.transport: [chan 0] Sesch channel 0 request ok
DEB [20200413-23:07:01.962] thr=2   paramiko.transport: [chan 0] EOF sent (0)
