DEB [20200413-20:40:10.939] thr=1   paramiko.transport: starting thread (client mode): 0x96081da0
DEB [20200413-20:40:10.939] thr=1   paramiko.transport: Local version/idstring: SSH-2.0-paramiko_2.7.1
DEB [20200413-20:40:10.955] thr=1   paramiko.transport: Remote version/idstring: SSH-2.0-OpenSSH_7.4
INF [20200413-20:40:10.955] thr=1   paramiko.transport: Connected (version 2.0, client OpenSSH_7.4)
DEB [20200413-20:40:10.961] thr=1   paramiko.transport: kex algos:['curve25519-sha256', 'curve25519-sha256@libssh.org', 'ecdh-sha2-nistp256', 'ecdh-sha2-nistp384', 'ecdh-sha2-nistp521', 'diffie-hellman-group-exchange-sha256', 'diffie-hellman-group16-sha512', 'diffie-hellman-group18-sha512', 'diffie-hellman-group-exchange-sha1', 'diffie-hellman-group14-sha256', 'diffie-hellman-group14-sha1', 'diffie-hellman-group1-sha1'] server key:['ssh-rsa', 'rsa-sha2-512', 'rsa-sha2-256', 'ecdsa-sha2-nistp256', 'ssh-ed25519'] client encrypt:['chacha20-poly1305@openssh.com', 'aes128-ctr', 'aes192-ctr', 'aes256-ctr', 'aes128-gcm@openssh.com', 'aes256-gcm@openssh.com', 'aes128-cbc', 'aes192-cbc', 'aes256-cbc', 'blowfish-cbc', 'cast128-cbc', '3des-cbc'] server encrypt:['chacha20-poly1305@openssh.com', 'aes128-ctr', 'aes192-ctr', 'aes256-ctr', 'aes128-gcm@openssh.com', 'aes256-gcm@openssh.com', 'aes128-cbc', 'aes192-cbc', 'aes256-cbc', 'blowfish-cbc', 'cast128-cbc', '3des-cbc'] client mac:['umac-64-etm@openssh.com', 'umac-128-etm@openssh.com', 'hmac-sha2-256-etm@openssh.com', 'hmac-sha2-512-etm@openssh.com', 'hmac-sha1-etm@openssh.com', 'umac-64@openssh.com', 'umac-128@openssh.com', 'hmac-sha2-256', 'hmac-sha2-512', 'hmac-sha1'] server mac:['umac-64-etm@openssh.com', 'umac-128-etm@openssh.com', 'hmac-sha2-256-etm@openssh.com', 'hmac-sha2-512-etm@openssh.com', 'hmac-sha1-etm@openssh.com', 'umac-64@openssh.com', 'umac-128@openssh.com', 'hmac-sha2-256', 'hmac-sha2-512', 'hmac-sha1'] client compress:['none', 'zlib@openssh.com'] server compress:['none', 'zlib@openssh.com'] client lang:[''] server lang:[''] kex follows?False
DEB [20200413-20:40:10.961] thr=1   paramiko.transport: Kex agreed: curve25519-sha256@libssh.org
DEB [20200413-20:40:10.961] thr=1   paramiko.transport: HostKey agreed: ecdsa-sha2-nistp256
DEB [20200413-20:40:10.961] thr=1   paramiko.transport: Cipher agreed: aes128-ctr
DEB [20200413-20:40:10.962] thr=1   paramiko.transport: MAC agreed: hmac-sha2-256
DEB [20200413-20:40:10.962] thr=1   paramiko.transport: Compression agreed: none
DEB [20200413-20:40:10.968] thr=1   paramiko.transport: kex engine KexCurve25519 specified hash_algo <built-in function openssl_sha256>
DEB [20200413-20:40:10.969] thr=1   paramiko.transport: Switch to new keys ...
DEB [20200413-20:40:11.046] thr=1   paramiko.transport: userauth is OK
INF [20200413-20:40:11.321] thr=1   paramiko.transport: Authentication (password) successful!
DEB [20200413-20:40:11.321] thr=2   paramiko.transport: [chan 0] Max packet in: 32768 bytes
DEB [20200413-20:40:11.513] thr=1   paramiko.transport: Received global request "hostkeys-00@openssh.com"
DEB [20200413-20:40:11.513] thr=1   paramiko.transport: Rejecting "hostkeys-00@openssh.com" global request from server.
DEB [20200413-20:40:11.553] thr=1   paramiko.transport: [chan 0] Max packet out: 32768 bytes
DEB [20200413-20:40:11.554] thr=1   paramiko.transport: Secsh channel 0 opened.
DEB [20200413-20:40:11.558] thr=1   paramiko.transport: [chan 0] Sesch channel 0 request ok
DEB [20200413-20:40:11.652] thr=1   paramiko.transport: [chan 0] EOF received (0)
DEB [20200413-20:40:11.652] thr=1   paramiko.transport: EOF in transport thread
DEB [20200413-20:40:11.662] thr=2   paramiko.transport: [chan 0] EOF sent (0)
DEB [20200413-20:40:11.662] thr=2   paramiko.transport: Dropping user packet because connection is dead.
DEB [20200413-20:40:32.440] thr=1   paramiko.transport: starting thread (client mode): 0x5e328dd8
DEB [20200413-20:40:32.440] thr=1   paramiko.transport: Local version/idstring: SSH-2.0-paramiko_2.7.1
DEB [20200413-20:40:32.450] thr=1   paramiko.transport: Remote version/idstring: SSH-2.0-OpenSSH_7.4
INF [20200413-20:40:32.450] thr=1   paramiko.transport: Connected (version 2.0, client OpenSSH_7.4)
DEB [20200413-20:40:32.453] thr=1   paramiko.transport: kex algos:['curve25519-sha256', 'curve25519-sha256@libssh.org', 'ecdh-sha2-nistp256', 'ecdh-sha2-nistp384', 'ecdh-sha2-nistp521', 'diffie-hellman-group-exchange-sha256', 'diffie-hellman-group16-sha512', 'diffie-hellman-group18-sha512', 'diffie-hellman-group-exchange-sha1', 'diffie-hellman-group14-sha256', 'diffie-hellman-group14-sha1', 'diffie-hellman-group1-sha1'] server key:['ssh-rsa', 'rsa-sha2-512', 'rsa-sha2-256', 'ecdsa-sha2-nistp256', 'ssh-ed25519'] client encrypt:['chacha20-poly1305@openssh.com', 'aes128-ctr', 'aes192-ctr', 'aes256-ctr', 'aes128-gcm@openssh.com', 'aes256-gcm@openssh.com', 'aes128-cbc', 'aes192-cbc', 'aes256-cbc', 'blowfish-cbc', 'cast128-cbc', '3des-cbc'] server encrypt:['chacha20-poly1305@openssh.com', 'aes128-ctr', 'aes192-ctr', 'aes256-ctr', 'aes128-gcm@openssh.com', 'aes256-gcm@openssh.com', 'aes128-cbc', 'aes192-cbc', 'aes256-cbc', 'blowfish-cbc', 'cast128-cbc', '3des-cbc'] client mac:['umac-64-etm@openssh.com', 'umac-128-etm@openssh.com', 'hmac-sha2-256-etm@openssh.com', 'hmac-sha2-512-etm@openssh.com', 'hmac-sha1-etm@openssh.com', 'umac-64@openssh.com', 'umac-128@openssh.com', 'hmac-sha2-256', 'hmac-sha2-512', 'hmac-sha1'] server mac:['umac-64-etm@openssh.com', 'umac-128-etm@openssh.com', 'hmac-sha2-256-etm@openssh.com', 'hmac-sha2-512-etm@openssh.com', 'hmac-sha1-etm@openssh.com', 'umac-64@openssh.com', 'umac-128@openssh.com', 'hmac-sha2-256', 'hmac-sha2-512', 'hmac-sha1'] client compress:['none', 'zlib@openssh.com'] server compress:['none', 'zlib@openssh.com'] client lang:[''] server lang:[''] kex follows?False
DEB [20200413-20:40:32.453] thr=1   paramiko.transport: Kex agreed: curve25519-sha256@libssh.org
DEB [20200413-20:40:32.453] thr=1   paramiko.transport: HostKey agreed: ecdsa-sha2-nistp256
DEB [20200413-20:40:32.453] thr=1   paramiko.transport: Cipher agreed: aes128-ctr
DEB [20200413-20:40:32.453] thr=1   paramiko.transport: MAC agreed: hmac-sha2-256
DEB [20200413-20:40:32.453] thr=1   paramiko.transport: Compression agreed: none
DEB [20200413-20:40:32.459] thr=1   paramiko.transport: kex engine KexCurve25519 specified hash_algo <built-in function openssl_sha256>
DEB [20200413-20:40:32.459] thr=1   paramiko.transport: Switch to new keys ...
DEB [20200413-20:40:32.500] thr=1   paramiko.transport: userauth is OK
INF [20200413-20:40:32.547] thr=1   paramiko.transport: Authentication (password) successful!
DEB [20200413-20:40:32.547] thr=2   paramiko.transport: [chan 0] Max packet in: 32768 bytes
DEB [20200413-20:40:32.722] thr=1   paramiko.transport: Received global request "hostkeys-00@openssh.com"
DEB [20200413-20:40:32.722] thr=1   paramiko.transport: Rejecting "hostkeys-00@openssh.com" global request from server.
DEB [20200413-20:40:32.763] thr=1   paramiko.transport: [chan 0] Max packet out: 32768 bytes
DEB [20200413-20:40:32.763] thr=1   paramiko.transport: Secsh channel 0 opened.
DEB [20200413-20:40:32.768] thr=1   paramiko.transport: [chan 0] Sesch channel 0 request ok
DEB [20200413-20:40:32.844] thr=1   paramiko.transport: [chan 0] EOF received (0)
DEB [20200413-20:40:32.844] thr=1   paramiko.transport: [chan 0] EOF sent (0)
DEB [20200413-20:40:32.845] thr=1   paramiko.transport: Dropping user packet because connection is dead.
DEB [20200413-20:40:50.352] thr=1   paramiko.transport: starting thread (client mode): 0x70c3a898
DEB [20200413-20:40:50.352] thr=1   paramiko.transport: Local version/idstring: SSH-2.0-paramiko_2.7.1
DEB [20200413-20:40:50.363] thr=1   paramiko.transport: Remote version/idstring: SSH-2.0-OpenSSH_7.4
INF [20200413-20:40:50.363] thr=1   paramiko.transport: Connected (version 2.0, client OpenSSH_7.4)
DEB [20200413-20:40:50.368] thr=1   paramiko.transport: kex algos:['curve25519-sha256', 'curve25519-sha256@libssh.org', 'ecdh-sha2-nistp256', 'ecdh-sha2-nistp384', 'ecdh-sha2-nistp521', 'diffie-hellman-group-exchange-sha256', 'diffie-hellman-group16-sha512', 'diffie-hellman-group18-sha512', 'diffie-hellman-group-exchange-sha1', 'diffie-hellman-group14-sha256', 'diffie-hellman-group14-sha1', 'diffie-hellman-group1-sha1'] server key:['ssh-rsa', 'rsa-sha2-512', 'rsa-sha2-256', 'ecdsa-sha2-nistp256', 'ssh-ed25519'] client encrypt:['chacha20-poly1305@openssh.com', 'aes128-ctr', 'aes192-ctr', 'aes256-ctr', 'aes128-gcm@openssh.com', 'aes256-gcm@openssh.com', 'aes128-cbc', 'aes192-cbc', 'aes256-cbc', 'blowfish-cbc', 'cast128-cbc', '3des-cbc'] server encrypt:['chacha20-poly1305@openssh.com', 'aes128-ctr', 'aes192-ctr', 'aes256-ctr', 'aes128-gcm@openssh.com', 'aes256-gcm@openssh.com', 'aes128-cbc', 'aes192-cbc', 'aes256-cbc', 'blowfish-cbc', 'cast128-cbc', '3des-cbc'] client mac:['umac-64-etm@openssh.com', 'umac-128-etm@openssh.com', 'hmac-sha2-256-etm@openssh.com', 'hmac-sha2-512-etm@openssh.com', 'hmac-sha1-etm@openssh.com', 'umac-64@openssh.com', 'umac-128@openssh.com', 'hmac-sha2-256', 'hmac-sha2-512', 'hmac-sha1'] server mac:['umac-64-etm@openssh.com', 'umac-128-etm@openssh.com', 'hmac-sha2-256-etm@openssh.com', 'hmac-sha2-512-etm@openssh.com', 'hmac-sha1-etm@openssh.com', 'umac-64@openssh.com', 'umac-128@openssh.com', 'hmac-sha2-256', 'hmac-sha2-512', 'hmac-sha1'] client compress:['none', 'zlib@openssh.com'] server compress:['none', 'zlib@openssh.com'] client lang:[''] server lang:[''] kex follows?False
DEB [20200413-20:40:50.368] thr=1   paramiko.transport: Kex agreed: curve25519-sha256@libssh.org
DEB [20200413-20:40:50.368] thr=1   paramiko.transport: HostKey agreed: ecdsa-sha2-nistp256
DEB [20200413-20:40:50.368] thr=1   paramiko.transport: Cipher agreed: aes128-ctr
DEB [20200413-20:40:50.368] thr=1   paramiko.transport: MAC agreed: hmac-sha2-256
DEB [20200413-20:40:50.368] thr=1   paramiko.transport: Compression agreed: none
DEB [20200413-20:40:50.374] thr=1   paramiko.transport: kex engine KexCurve25519 specified hash_algo <built-in function openssl_sha256>
DEB [20200413-20:40:50.374] thr=1   paramiko.transport: Switch to new keys ...
DEB [20200413-20:40:50.415] thr=1   paramiko.transport: userauth is OK
INF [20200413-20:40:50.467] thr=1   paramiko.transport: Authentication (password) successful!
DEB [20200413-20:40:50.467] thr=2   paramiko.transport: [chan 0] Max packet in: 32768 bytes
DEB [20200413-20:40:50.645] thr=1   paramiko.transport: Received global request "hostkeys-00@openssh.com"
DEB [20200413-20:40:50.645] thr=1   paramiko.transport: Rejecting "hostkeys-00@openssh.com" global request from server.
DEB [20200413-20:40:50.686] thr=1   paramiko.transport: [chan 0] Max packet out: 32768 bytes
DEB [20200413-20:40:50.686] thr=1   paramiko.transport: Secsh channel 0 opened.
DEB [20200413-20:40:50.691] thr=1   paramiko.transport: [chan 0] Sesch channel 0 request ok
DEB [20200413-20:40:50.744] thr=1   paramiko.transport: [chan 0] EOF received (0)
DEB [20200413-20:40:50.745] thr=1   paramiko.transport: EOF in transport thread
DEB [20200413-20:40:50.757] thr=2   paramiko.transport: [chan 0] EOF sent (0)
DEB [20200413-20:40:50.757] thr=2   paramiko.transport: Dropping user packet because connection is dead.
DEB [20200413-20:41:08.946] thr=1   paramiko.transport: starting thread (client mode): 0x9771fc88
DEB [20200413-20:41:08.946] thr=1   paramiko.transport: Local version/idstring: SSH-2.0-paramiko_2.7.1
DEB [20200413-20:41:08.957] thr=1   paramiko.transport: Remote version/idstring: SSH-2.0-OpenSSH_7.4
INF [20200413-20:41:08.957] thr=1   paramiko.transport: Connected (version 2.0, client OpenSSH_7.4)
DEB [20200413-20:41:08.960] thr=1   paramiko.transport: kex algos:['curve25519-sha256', 'curve25519-sha256@libssh.org', 'ecdh-sha2-nistp256', 'ecdh-sha2-nistp384', 'ecdh-sha2-nistp521', 'diffie-hellman-group-exchange-sha256', 'diffie-hellman-group16-sha512', 'diffie-hellman-group18-sha512', 'diffie-hellman-group-exchange-sha1', 'diffie-hellman-group14-sha256', 'diffie-hellman-group14-sha1', 'diffie-hellman-group1-sha1'] server key:['ssh-rsa', 'rsa-sha2-512', 'rsa-sha2-256', 'ecdsa-sha2-nistp256', 'ssh-ed25519'] client encrypt:['chacha20-poly1305@openssh.com', 'aes128-ctr', 'aes192-ctr', 'aes256-ctr', 'aes128-gcm@openssh.com', 'aes256-gcm@openssh.com', 'aes128-cbc', 'aes192-cbc', 'aes256-cbc', 'blowfish-cbc', 'cast128-cbc', '3des-cbc'] server encrypt:['chacha20-poly1305@openssh.com', 'aes128-ctr', 'aes192-ctr', 'aes256-ctr', 'aes128-gcm@openssh.com', 'aes256-gcm@openssh.com', 'aes128-cbc', 'aes192-cbc', 'aes256-cbc', 'blowfish-cbc', 'cast128-cbc', '3des-cbc'] client mac:['umac-64-etm@openssh.com', 'umac-128-etm@openssh.com', 'hmac-sha2-256-etm@openssh.com', 'hmac-sha2-512-etm@openssh.com', 'hmac-sha1-etm@openssh.com', 'umac-64@openssh.com', 'umac-128@openssh.com', 'hmac-sha2-256', 'hmac-sha2-512', 'hmac-sha1'] server mac:['umac-64-etm@openssh.com', 'umac-128-etm@openssh.com', 'hmac-sha2-256-etm@openssh.com', 'hmac-sha2-512-etm@openssh.com', 'hmac-sha1-etm@openssh.com', 'umac-64@openssh.com', 'umac-128@openssh.com', 'hmac-sha2-256', 'hmac-sha2-512', 'hmac-sha1'] client compress:['none', 'zlib@openssh.com'] server compress:['none', 'zlib@openssh.com'] client lang:[''] server lang:[''] kex follows?False
DEB [20200413-20:41:08.960] thr=1   paramiko.transport: Kex agreed: curve25519-sha256@libssh.org
DEB [20200413-20:41:08.960] thr=1   paramiko.transport: HostKey agreed: ecdsa-sha2-nistp256
DEB [20200413-20:41:08.960] thr=1   paramiko.transport: Cipher agreed: aes128-ctr
DEB [20200413-20:41:08.961] thr=1   paramiko.transport: MAC agreed: hmac-sha2-256
DEB [20200413-20:41:08.961] thr=1   paramiko.transport: Compression agreed: none
DEB [20200413-20:41:08.966] thr=1   paramiko.transport: kex engine KexCurve25519 specified hash_algo <built-in function openssl_sha256>
DEB [20200413-20:41:08.967] thr=1   paramiko.transport: Switch to new keys ...
DEB [20200413-20:41:09.007] thr=1   paramiko.transport: userauth is OK
INF [20200413-20:41:09.054] thr=1   paramiko.transport: Authentication (password) successful!
DEB [20200413-20:41:09.054] thr=2   paramiko.transport: [chan 0] Max packet in: 32768 bytes
DEB [20200413-20:41:09.236] thr=1   paramiko.transport: Received global request "hostkeys-00@openssh.com"
DEB [20200413-20:41:09.236] thr=1   paramiko.transport: Rejecting "hostkeys-00@openssh.com" global request from server.
DEB [20200413-20:41:09.275] thr=1   paramiko.transport: [chan 0] Max packet out: 32768 bytes
DEB [20200413-20:41:09.276] thr=1   paramiko.transport: Secsh channel 0 opened.
DEB [20200413-20:41:09.281] thr=1   paramiko.transport: [chan 0] Sesch channel 0 request ok
DEB [20200413-20:41:09.376] thr=1   paramiko.transport: [chan 0] EOF received (0)
